
**********************************************************
Atom Playback Data: /Users/alibarker89/Dropbox/QMUL/Final Project/Code/mpdgui/Data/glock2.wav /Users/alibarker89/Dropbox/QMUL/Final Project/Code/mpdgui/Data/dictGabor_original.xml 10000
Log started: 9 Aug 2016 1:17:45pm

LOG START
0 0 0 10000
512 42 0 9958
1024 42 0 9958
1536 112 0 9888
2048 112 0 9888
2560 180 0 9820
3072 180 0 9820
3584 451 0 9549
4096 450 0 9550
4608 542 0 9458
5120 533 0 9467
5632 593 0 9407
6144 534 0 9466
6656 582 0 9418
7168 339 0 9661
7680 388 0 9612
8192 356 0 9644
8704 389 0 9611
9216 322 0 9678
9728 360 0 9640
10240 294 0 9706
10752 358 0 9642
11264 314 0 9686
11776 365 0 9635
12288 341 0 9659
12800 607 0 9393
13312 586 0 9414
13824 630 0 9370
14336 621 0 9379
14848 683 0 9317
15360 653 0 9347
15872 696 0 9304
16384 398 0 9602
16896 444 0 9556
17408 409 0 9591
17920 451 0 9549
18432 383 0 9617
18944 470 0 9530
19456 434 0 9566
19968 507 0 9493
20480 474 0 9526
20992 626 0 9374
21504 602 0 9398
22016 839 0 9161
22528 803 0 9197
23040 880 0 9120
23552 674 0 9326
24064 753 0 9247
24576 634 0 9366
25088 707 0 9293
25600 643 0 9357
26112 715 0 9285
26624 627 0 9373
27136 739 0 9261
27648 663 0 9337
28160 775 0 9225
28672 717 0 9283
29184 1145 0 8855
29696 1085 0 8915
30208 1184 0 8816
30720 1084 0 8916
31232 1158 0 8842
31744 1049 0 8951
32256 1115 0 8885
32768 735 0 9265
33280 792 0 9208
33792 704 0 9296
34304 765 0 9235
34816 634 0 9366
35328 681 0 9319
35840 567 0 9433
36352 624 0 9376
36864 549 0 9451
37376 606 0 9394
37888 557 0 9443
38400 641 0 9359
38912 576 0 9424
39424 730 0 9270
39936 670 0 9330
40448 719 0 9281
40960 556 0 9444
41472 607 0 9393
41984 502 0 9498
42496 551 0 9449
43008 487 0 9513
43520 571 0 9429
44032 499 0 9501
44544 563 0 9437
45056 503 0 9497
45568 608 0 9392
46080 563 0 9437
46592 701 0 9299
47104 655 0 9345
47616 832 0 9168
48128 794 0 9206
48640 1073 0 8927
49152 1004 0 8996
49664 1096 0 8904
50176 859 0 9141
50688 1047 0 8953
51200 921 0 9079
51712 1047 0 8953
52224 977 0 9023
52736 1399 0 8601
53248 1316 0 8684
53760 1422 0 8578
54272 1321 0 8679
54784 1453 0 8547
55296 1361 0 8639
55808 1472 0 8528
56320 1049 0 8951
56832 1160 0 8840
57344 1081 0 8919
57856 1316 0 8684
58368 1138 0 8862
58880 1445 0 8555
59392 1321 0 8679
59904 1402 0 8598
60416 1078 0 8922
60928 1135 0 8865
61440 886 0 9114
61952 948 0 9052
62464 841 0 9159
62976 905 0 9095
63488 771 0 9229
64000 843 0 9157
64512 722 0 9278
65024 794 0 9206
65536 693 0 9307
66048 761 0 9239
66560 666 0 9334
67072 770 0 9230
67584 674 0 9326
68096 800 0 9200
68608 722 0 9278
69120 1060 0 8940
69632 990 0 9010
70144 1139 0 8861
70656 1038 0 8962
71168 1087 0 8913
71680 940 0 9060
72192 1000 0 9000
72704 700 0 9300
73216 738 0 9262
73728 655 0 9345
74240 695 0 9305
74752 591 0 9409
75264 615 0 9385
75776 492 0 9508
76288 521 0 9479
76800 459 0 9541
77312 477 0 9523
77824 404 0 9596
78336 415 0 9585
78848 339 0 9661
79360 351 0 9649
79872 289 0 9711
80384 305 0 9695
80896 246 0 9754
81408 258 0 9742
81920 211 0 9789
82432 219 0 9781
82944 187 0 9813
83456 196 0 9804
83968 167 0 9833
84480 172 0 9828
84992 147 0 9853
85504 155 0 9845
86016 129 0 9871
86528 141 0 9859
87040 135 0 9865
87552 148 0 9852
88064 128 0 9872
88576 131 0 9869
89088 116 0 9884
89600 121 0 9879
90112 105 0 9895
90624 125 0 9875
91136 117 0 9883
91648 119 0 9881
92160 108 0 9892
92672 112 0 9888
93184 100 0 9900
93696 102 0 9898
94208 91 0 9909
94720 95 0 9905
95232 85 0 9915
95744 93 0 9907
96256 86 0 9914
96768 87 0 9913
97280 78 0 9922
97792 89 0 9911
98304 80 0 9920
98816 100 0 9900
99328 94 0 9906
99840 95 0 9905
100352 88 0 9912
100864 91 0 9909
101376 82 0 9918
101888 91 0 9909
102400 79 0 9921
102912 101 0 9899
103424 83 0 9917
103936 87 0 9913
104448 78 0 9922
104960 1929 0 8071
105472 1903 0 8097
105984 1903 0 8097
106496 0 0 10000
