
**********************************************************
Atom Playback Data: /Users/alibarker89/Dropbox/QMUL/Final Project/Code/mpdgui/Data/drums.wav /Users/alibarker89/Dropbox/QMUL/Final Project/Code/mpdgui/Data/dictGabor_original.xml 10000
Log started: 9 Aug 2016 1:22:54pm

LOG START
0 0 0 10000
512 218 0 9782
1024 218 0 9782
1536 281 0 9719
2048 201 0 9799
2560 233 0 9767
3072 222 0 9778
3584 240 0 9760
4096 184 0 9816
4608 202 0 9798
5120 179 0 9821
5632 201 0 9799
6144 197 0 9803
6656 230 0 9770
7168 226 0 9774
7680 246 0 9754
8192 198 0 9802
8704 221 0 9779
9216 197 0 9803
9728 216 0 9784
10240 197 0 9803
10752 210 0 9790
11264 199 0 9801
11776 206 0 9794
12288 194 0 9806
12800 200 0 9800
13312 189 0 9811
13824 196 0 9804
14336 183 0 9817
14848 195 0 9805
15360 192 0 9808
15872 201 0 9799
16384 155 0 9845
16896 173 0 9827
17408 161 0 9839
17920 198 0 9802
18432 189 0 9811
18944 224 0 9776
19456 200 0 9800
19968 239 0 9761
20480 216 0 9784
20992 292 0 9708
21504 272 0 9728
22016 318 0 9682
22528 286 0 9714
23040 430 0 9570
23552 410 0 9590
24064 436 0 9564
24576 418 0 9582
25088 439 0 9561
25600 404 0 9596
26112 422 0 9578
26624 295 0 9705
27136 317 0 9683
27648 302 0 9698
28160 359 0 9641
28672 311 0 9689
29184 367 0 9633
29696 344 0 9656
30208 396 0 9604
30720 384 0 9616
31232 468 0 9532
31744 463 0 9537
32256 553 0 9447
32768 542 0 9458
33280 649 0 9351
33792 629 0 9371
34304 723 0 9277
34816 683 0 9317
35328 785 0 9215
35840 722 0 9278
36352 769 0 9231
36864 666 0 9334
37376 689 0 9311
37888 601 0 9399
38400 624 0 9376
38912 483 0 9517
39424 508 0 9492
39936 409 0 9591
40448 440 0 9560
40960 373 0 9627
41472 404 0 9596
41984 350 0 9650
42496 397 0 9603
43008 352 0 9648
43520 400 0 9600
44032 343 0 9657
44544 498 0 9502
45056 450 0 9550
45568 493 0 9507
46080 456 0 9544
46592 478 0 9522
47104 436 0 9564
47616 452 0 9548
48128 322 0 9678
48640 331 0 9669
49152 302 0 9698
49664 310 0 9690
50176 265 0 9735
50688 274 0 9726
51200 241 0 9759
51712 250 0 9750
52224 235 0 9765
52736 253 0 9747
53248 243 0 9757
53760 257 0 9743
54272 242 0 9758
54784 279 0 9721
55296 263 0 9737
55808 297 0 9703
56320 267 0 9733
56832 276 0 9724
57344 232 0 9768
57856 239 0 9761
58368 202 0 9798
58880 209 0 9791
59392 179 0 9821
59904 184 0 9816
60416 147 0 9853
60928 177 0 9823
61440 155 0 9845
61952 213 0 9787
62464 198 0 9802
62976 270 0 9730
63488 257 0 9743
64000 330 0 9670
64512 321 0 9679
65024 427 0 9573
65536 421 0 9579
66048 572 0 9428
66560 566 0 9434
67072 694 0 9306
67584 685 0 9315
68096 774 0 9226
68608 734 0 9266
69120 798 0 9202
69632 702 0 9298
70144 746 0 9254
70656 660 0 9340
71168 722 0 9278
71680 646 0 9354
72192 772 0 9228
72704 651 0 9349
73216 768 0 9232
73728 666 0 9334
74240 795 0 9205
74752 728 0 9272
75264 939 0 9061
75776 896 0 9104
76288 1132 0 8868
76800 1083 0 8917
77312 1297 0 8703
77824 1232 0 8768
78336 1375 0 8625
78848 1245 0 8755
79360 1356 0 8644
79872 1210 0 8790
80384 1294 0 8706
80896 1202 0 8798
81408 1273 0 8727
81920 1175 0 8825
82432 1247 0 8753
82944 1082 0 8918
83456 1151 0 8849
83968 1014 0 8986
84480 1072 0 8928
84992 971 0 9029
85504 1020 0 8980
86016 928 0 9072
86528 977 0 9023
87040 856 0 9144
87552 927 0 9073
88064 754 0 9246
88576 811 0 9189
89088 640 0 9360
89600 653 0 9347
90112 487 0 9513
90624 500 0 9500
91136 346 0 9654
91648 360 0 9640
92160 271 0 9729
92672 281 0 9719
93184 223 0 9777
93696 228 0 9772
94208 165 0 9835
94720 174 0 9826
95232 141 0 9859
95744 147 0 9853
96256 139 0 9861
96768 145 0 9855
97280 140 0 9860
97792 142 0 9858
98304 134 0 9866
98816 138 0 9862
99328 129 0 9871
99840 142 0 9858
100352 128 0 9872
100864 133 0 9867
101376 122 0 9878
101888 130 0 9870
102400 117 0 9883
102912 124 0 9876
103424 110 0 9890
103936 122 0 9878
104448 109 0 9891
104960 136 0 9864
105472 128 0 9872
105984 169 0 9831
106496 155 0 9845
107008 186 0 9814
107520 152 0 9848
108032 209 0 9791
108544 184 0 9816
109056 241 0 9759
109568 227 0 9773
110080 385 0 9615
110592 374 0 9626
111104 423 0 9577
111616 418 0 9582
112128 438 0 9562
112640 402 0 9598
113152 415 0 9585
113664 279 0 9721
114176 292 0 9708
114688 281 0 9719
115200 304 0 9696
115712 267 0 9733
116224 319 0 9681
116736 286 0 9714
117248 353 0 9647
117760 346 0 9654
118272 402 0 9598
118784 393 0 9607
119296 478 0 9522
119808 472 0 9528
120320 555 0 9445
120832 537 0 9463
121344 702 0 9298
121856 672 0 9328
122368 767 0 9233
122880 721 0 9279
123392 798 0 9202
123904 734 0 9266
124416 793 0 9207
124928 681 0 9319
125440 722 0 9278
125952 641 0 9359
126464 673 0 9327
126976 561 0 9439
127488 616 0 9384
128000 510 0 9490
128512 544 0 9456
129024 446 0 9554
129536 499 0 9501
130048 441 0 9559
130560 538 0 9462
131072 495 0 9505
131584 586 0 9414
132096 530 0 9470
132608 633 0 9367
133120 560 0 9440
133632 598 0 9402
134144 541 0 9459
134656 558 0 9442
135168 471 0 9529
135680 486 0 9514
136192 394 0 9606
136704 410 0 9590
137216 366 0 9634
137728 400 0 9600
138240 320 0 9680
138752 418 0 9582
139264 390 0 9610
139776 522 0 9478
140288 513 0 9487
140800 632 0 9368
141312 619 0 9381
141824 862 0 9138
142336 845 0 9155
142848 1066 0 8934
143360 1032 0 8968
143872 1299 0 8701
144384 1268 0 8732
144896 1434 0 8566
145408 1311 0 8689
145920 1444 0 8556
146432 1312 0 8688
146944 1449 0 8551
147456 1330 0 8670
147968 1461 0 8539
148480 1365 0 8635
148992 1518 0 8482
149504 1324 0 8676
150016 1459 0 8541
150528 1335 0 8665
151040 1446 0 8554
151552 1331 0 8669
152064 1446 0 8554
152576 1319 0 8681
153088 1430 0 8570
153600 1308 0 8692
154112 1434 0 8566
154624 1238 0 8762
155136 1343 0 8657
155648 1125 0 8875
156160 1201 0 8799
156672 1035 0 8965
157184 1091 0 8909
157696 911 0 9089
158208 942 0 9058
158720 772 0 9228
159232 796 0 9204
159744 615 0 9385
160256 659 0 9341
160768 535 0 9465
161280 541 0 9459
161792 440 0 9560
162304 443 0 9557
162816 368 0 9632
163328 379 0 9621
163840 323 0 9677
164352 343 0 9657
164864 268 0 9732
165376 294 0 9706
165888 238 0 9762
166400 298 0 9702
166912 261 0 9739
167424 272 0 9728
167936 203 0 9797
168448 241 0 9759
168960 205 0 9795
169472 205 0 9795
169984 184 0 9816
170496 187 0 9813
171008 159 0 9841
171520 162 0 9838
172032 132 0 9868
172544 155 0 9845
173056 136 0 9864
173568 137 0 9863
174080 117 0 9883
174592 132 0 9868
175104 112 0 9888
175616 112 0 9888
176128 0 0 10000
