
**********************************************************
Atom Playback Data: /Users/alibarker89/Dropbox/QMUL/Final Project/Code/mpdgui/Data/drums.wav /Users/alibarker89/Dropbox/QMUL/Final Project/Code/mpdgui/Data/dictGabor_original.xml 1000
Log started: 9 Aug 2016 1:19:12pm

LOG START
0 0 0 1000
512 27 0 973
1024 27 0 973
1536 30 0 970
2048 23 0 977
2560 24 0 976
3072 23 0 977
3584 27 0 973
4096 21 0 979
4608 21 0 979
5120 20 0 980
5632 23 0 977
6144 23 0 977
6656 27 0 973
7168 26 0 974
7680 28 0 972
8192 24 0 976
8704 27 0 973
9216 26 0 974
9728 28 0 972
10240 27 0 973
10752 27 0 973
11264 24 0 976
11776 24 0 976
12288 23 0 977
12800 23 0 977
13312 22 0 978
13824 24 0 976
14336 24 0 976
14848 29 0 971
15360 29 0 971
15872 30 0 970
16384 20 0 980
16896 25 0 975
17408 25 0 975
17920 31 0 969
18432 31 0 969
18944 38 0 962
19456 34 0 966
19968 43 0 957
20480 38 0 962
20992 49 0 951
21504 45 0 955
22016 54 0 946
22528 47 0 953
23040 57 0 943
23552 53 0 947
24064 56 0 944
24576 53 0 947
25088 54 0 946
25600 51 0 949
26112 51 0 949
26624 45 0 955
27136 46 0 954
27648 45 0 955
28160 49 0 951
28672 49 0 951
29184 52 0 948
29696 47 0 953
30208 49 0 951
30720 45 0 955
31232 63 0 937
31744 63 0 937
32256 69 0 931
32768 68 0 932
33280 90 0 910
33792 88 0 912
34304 100 0 900
34816 92 0 908
35328 105 0 895
35840 90 0 910
36352 92 0 908
36864 59 0 941
37376 59 0 941
37888 49 0 951
38400 51 0 949
38912 30 0 970
39424 31 0 969
39936 24 0 976
40448 32 0 968
40960 29 0 971
41472 37 0 963
41984 33 0 967
42496 38 0 962
43008 35 0 965
43520 43 0 957
44032 40 0 960
44544 53 0 947
45056 52 0 948
45568 59 0 941
46080 58 0 942
46592 58 0 942
47104 51 0 949
47616 52 0 948
48128 41 0 959
48640 42 0 958
49152 40 0 960
49664 40 0 960
50176 40 0 960
50688 41 0 959
51200 34 0 966
51712 37 0 963
52224 36 0 964
52736 40 0 960
53248 40 0 960
53760 43 0 957
54272 42 0 958
54784 51 0 949
55296 49 0 951
55808 51 0 949
56320 43 0 957
56832 44 0 956
57344 35 0 965
57856 35 0 965
58368 22 0 978
58880 22 0 978
59392 17 0 983
59904 17 0 983
60416 13 0 987
60928 17 0 983
61440 13 0 987
61952 16 0 984
62464 15 0 985
62976 17 0 983
63488 17 0 983
64000 22 0 978
64512 21 0 979
65024 28 0 972
65536 28 0 972
66048 50 0 950
66560 50 0 950
67072 58 0 942
67584 57 0 943
68096 63 0 937
68608 58 0 942
69120 63 0 937
69632 42 0 958
70144 42 0 958
70656 34 0 966
71168 35 0 965
71680 30 0 970
72192 44 0 956
72704 34 0 966
73216 49 0 951
73728 46 0 954
74240 59 0 941
74752 59 0 941
75264 84 0 916
75776 83 0 917
76288 109 0 891
76800 104 0 896
77312 126 0 874
77824 124 0 876
78336 136 0 864
78848 129 0 871
79360 138 0 862
79872 130 0 870
80384 135 0 865
80896 128 0 872
81408 129 0 871
81920 120 0 880
82432 123 0 877
82944 106 0 894
83456 107 0 893
83968 86 0 914
84480 88 0 912
84992 81 0 919
85504 85 0 915
86016 77 0 923
86528 80 0 920
87040 73 0 927
87552 82 0 918
88064 68 0 932
88576 70 0 930
89088 54 0 946
89600 56 0 944
90112 40 0 960
90624 41 0 959
91136 23 0 977
91648 23 0 977
92160 17 0 983
92672 17 0 983
93184 14 0 986
93696 14 0 986
94208 12 0 988
94720 12 0 988
95232 10 0 990
95744 10 0 990
96256 10 0 990
96768 10 0 990
97280 10 0 990
97792 11 0 989
98304 11 0 989
98816 11 0 989
99328 11 0 989
99840 16 0 984
100352 15 0 985
100864 15 0 985
101376 12 0 988
101888 13 0 987
102400 11 0 989
102912 15 0 985
103424 13 0 987
103936 15 0 985
104448 15 0 985
104960 18 0 982
105472 17 0 983
105984 24 0 976
106496 23 0 977
107008 36 0 964
107520 32 0 968
108032 38 0 962
108544 35 0 965
109056 46 0 954
109568 45 0 955
110080 57 0 943
110592 54 0 946
111104 58 0 942
111616 57 0 943
112128 60 0 940
112640 58 0 942
113152 58 0 942
113664 49 0 951
114176 49 0 951
114688 47 0 953
115200 47 0 953
115712 44 0 956
116224 49 0 951
116736 44 0 956
117248 46 0 954
117760 45 0 955
118272 49 0 951
118784 48 0 952
119296 60 0 940
119808 59 0 941
120320 65 0 935
120832 65 0 935
121344 89 0 911
121856 83 0 917
122368 98 0 902
122880 82 0 918
123392 88 0 912
123904 71 0 929
124416 72 0 928
124928 51 0 949
125440 53 0 947
125952 45 0 955
126464 45 0 955
126976 31 0 969
127488 34 0 966
128000 27 0 973
128512 39 0 961
129024 30 0 970
129536 47 0 953
130048 45 0 955
130560 62 0 938
131072 62 0 938
131584 71 0 929
132096 67 0 933
132608 80 0 920
133120 78 0 922
133632 81 0 919
134144 79 0 921
134656 80 0 920
135168 79 0 921
135680 81 0 919
136192 71 0 929
136704 72 0 928
137216 68 0 932
137728 70 0 930
138240 66 0 934
138752 74 0 926
139264 69 0 931
139776 88 0 912
140288 86 0 914
140800 104 0 896
141312 104 0 896
141824 133 0 867
142336 133 0 867
142848 149 0 851
143360 146 0 854
143872 168 0 832
144384 156 0 844
144896 181 0 819
145408 160 0 840
145920 169 0 831
146432 151 0 849
146944 156 0 844
147456 144 0 856
147968 149 0 851
148480 131 0 869
148992 140 0 860
149504 111 0 889
150016 114 0 886
150528 99 0 901
151040 104 0 896
151552 90 0 910
152064 105 0 895
152576 93 0 907
153088 112 0 888
153600 108 0 892
154112 122 0 878
154624 111 0 889
155136 121 0 879
155648 95 0 905
156160 101 0 899
156672 80 0 920
157184 81 0 919
157696 67 0 933
158208 70 0 930
158720 55 0 945
159232 56 0 944
159744 36 0 964
160256 40 0 960
160768 27 0 973
161280 27 0 973
161792 26 0 974
162304 26 0 974
162816 24 0 976
163328 24 0 976
163840 23 0 977
164352 24 0 976
164864 20 0 980
165376 22 0 978
165888 20 0 980
166400 25 0 975
166912 23 0 977
167424 24 0 976
167936 20 0 980
168448 23 0 977
168960 20 0 980
169472 20 0 980
169984 17 0 983
170496 17 0 983
171008 17 0 983
171520 17 0 983
172032 15 0 985
172544 17 0 983
173056 15 0 985
173568 15 0 985
174080 11 0 989
174592 12 0 988
175104 10 0 990
175616 10 0 990
176128 0 0 1000
