
**********************************************************
Atom Playback Data: /Users/alibarker89/Dropbox/QMUL/Final Project/Code/mpdgui/Data/glock2.wav /Users/alibarker89/Dropbox/QMUL/Final Project/Code/mpdgui/Data/dictGabor_original.xml 100
Log started: 9 Aug 2016 1:13:54pm

LOG START
0 0 0 100
512 1 0 99
1024 1 0 99
1536 1 0 99
2048 1 0 99
2560 2 0 98
3072 2 0 98
3584 3 0 97
4096 3 0 97
4608 4 0 96
5120 4 0 96
5632 4 0 96
6144 4 0 96
6656 4 0 96
7168 4 0 96
7680 4 0 96
8192 4 0 96
8704 4 0 96
9216 4 0 96
9728 5 0 95
10240 4 0 96
10752 4 0 96
11264 3 0 97
11776 5 0 95
12288 5 0 95
12800 5 0 95
13312 5 0 95
13824 6 0 94
14336 6 0 94
14848 6 0 94
15360 5 0 95
15872 5 0 95
16384 4 0 96
16896 5 0 95
17408 5 0 95
17920 5 0 95
18432 5 0 95
18944 6 0 94
19456 5 0 95
19968 9 0 91
20480 8 0 92
20992 8 0 92
21504 8 0 92
22016 8 0 92
22528 8 0 92
23040 8 0 92
23552 8 0 92
24064 9 0 91
24576 9 0 91
25088 10 0 90
25600 9 0 91
26112 9 0 91
26624 8 0 92
27136 8 0 92
27648 6 0 94
28160 7 0 93
28672 7 0 93
29184 12 0 88
29696 12 0 88
30208 12 0 88
30720 12 0 88
31232 12 0 88
31744 12 0 88
32256 13 0 87
32768 12 0 88
33280 14 0 86
33792 14 0 86
34304 14 0 86
34816 14 0 86
35328 14 0 86
35840 11 0 89
36352 14 0 86
36864 12 0 88
37376 13 0 87
37888 13 0 87
38400 16 0 84
38912 16 0 84
39424 16 0 84
39936 14 0 86
40448 15 0 85
40960 14 0 86
41472 14 0 86
41984 13 0 87
42496 14 0 86
43008 14 0 86
43520 17 0 83
44032 16 0 84
44544 16 0 84
45056 12 0 88
45568 12 0 88
46080 12 0 88
46592 16 0 84
47104 16 0 84
47616 18 0 82
48128 18 0 82
48640 21 0 79
49152 19 0 81
49664 23 0 77
50176 20 0 80
50688 20 0 80
51200 19 0 81
51712 20 0 80
52224 17 0 83
52736 25 0 75
53248 25 0 75
53760 28 0 72
54272 23 0 77
54784 24 0 76
55296 22 0 78
55808 24 0 76
56320 17 0 83
56832 19 0 81
57344 18 0 82
57856 20 0 80
58368 18 0 82
58880 19 0 81
59392 15 0 85
59904 19 0 81
60416 17 0 83
60928 17 0 83
61440 17 0 83
61952 17 0 83
62464 16 0 84
62976 17 0 83
63488 16 0 84
64000 16 0 84
64512 15 0 85
65024 17 0 83
65536 14 0 86
66048 15 0 85
66560 15 0 85
67072 18 0 82
67584 17 0 83
68096 18 0 82
68608 17 0 83
69120 18 0 82
69632 16 0 84
70144 18 0 82
70656 18 0 82
71168 18 0 82
71680 17 0 83
72192 17 0 83
72704 17 0 83
73216 17 0 83
73728 14 0 86
74240 17 0 83
74752 16 0 84
75264 17 0 83
75776 13 0 87
76288 13 0 87
76800 12 0 88
77312 12 0 88
77824 12 0 88
78336 13 0 87
78848 12 0 88
79360 12 0 88
79872 12 0 88
80384 12 0 88
80896 10 0 90
81408 10 0 90
81920 9 0 91
82432 12 0 88
82944 8 0 92
83456 8 0 92
83968 8 0 92
84480 8 0 92
84992 8 0 92
85504 8 0 92
86016 7 0 93
86528 8 0 92
87040 8 0 92
87552 8 0 92
88064 8 0 92
88576 8 0 92
89088 8 0 92
89600 8 0 92
90112 5 0 95
90624 8 0 92
91136 8 0 92
91648 8 0 92
92160 8 0 92
92672 8 0 92
93184 8 0 92
93696 8 0 92
94208 7 0 93
94720 7 0 93
95232 7 0 93
95744 7 0 93
96256 7 0 93
96768 7 0 93
97280 7 0 93
97792 7 0 93
98304 4 0 96
98816 5 0 95
99328 5 0 95
99840 5 0 95
100352 5 0 95
100864 5 0 95
101376 5 0 95
101888 5 0 95
102400 4 0 96
102912 5 0 95
103424 5 0 95
103936 5 0 95
104448 5 0 95
104960 6 0 94
105472 6 0 94
105984 6 0 94
106496 0 0 100
