
**********************************************************
Atom Playback Data: /Users/alibarker89/Dropbox/QMUL/Final Project/Code/mpdgui/Data/drums.wav /Users/alibarker89/Dropbox/QMUL/Final Project/Code/mpdgui/Data/dictGabor_original.xml 100
Log started: 9 Aug 2016 1:18:45pm

LOG START
0 0 0 100
512 9 0 91
1024 9 0 91
1536 11 0 89
2048 7 0 93
2560 7 0 93
3072 6 0 94
3584 7 0 93
4096 5 0 95
4608 5 0 95
5120 5 0 95
5632 5 0 95
6144 5 0 95
6656 6 0 94
7168 6 0 94
7680 6 0 94
8192 4 0 96
8704 4 0 96
9216 3 0 97
9728 3 0 97
10240 3 0 97
10752 3 0 97
11264 3 0 97
11776 3 0 97
12288 3 0 97
12800 3 0 97
13312 3 0 97
13824 3 0 97
14336 3 0 97
14848 5 0 95
15360 5 0 95
15872 6 0 94
16384 5 0 95
16896 8 0 92
17408 8 0 92
17920 8 0 92
18432 8 0 92
18944 8 0 92
19456 7 0 93
19968 9 0 91
20480 6 0 94
20992 7 0 93
21504 7 0 93
22016 7 0 93
22528 4 0 96
23040 5 0 95
23552 3 0 97
24064 3 0 97
24576 3 0 97
25088 3 0 97
25600 3 0 97
26112 3 0 97
26624 2 0 98
27136 2 0 98
27648 2 0 98
28160 2 0 98
28672 2 0 98
29184 2 0 98
29696 2 0 98
30208 2 0 98
30720 2 0 98
31232 3 0 97
31744 3 0 97
32256 3 0 97
32768 3 0 97
33280 10 0 90
33792 10 0 90
34304 14 0 86
34816 14 0 86
35328 15 0 85
35840 13 0 87
36352 13 0 87
36864 5 0 95
37376 5 0 95
37888 3 0 97
38400 3 0 97
38912 3 0 97
39424 3 0 97
39936 3 0 97
40448 3 0 97
40960 3 0 97
41472 3 0 97
41984 2 0 98
42496 3 0 97
43008 3 0 97
43520 4 0 96
44032 4 0 96
44544 5 0 95
45056 5 0 95
45568 5 0 95
46080 5 0 95
46592 5 0 95
47104 4 0 96
47616 4 0 96
48128 4 0 96
48640 5 0 95
49152 5 0 95
49664 5 0 95
50176 5 0 95
50688 6 0 94
51200 4 0 96
51712 4 0 96
52224 3 0 97
52736 5 0 95
53248 5 0 95
53760 6 0 94
54272 6 0 94
54784 9 0 91
55296 9 0 91
55808 10 0 90
56320 10 0 90
56832 10 0 90
57344 10 0 90
57856 10 0 90
58368 5 0 95
58880 5 0 95
59392 5 0 95
59904 5 0 95
60416 4 0 96
60928 5 0 95
61440 4 0 96
61952 4 0 96
62464 4 0 96
62976 4 0 96
63488 4 0 96
64000 6 0 94
64512 5 0 95
65024 6 0 94
65536 6 0 94
66048 12 0 88
66560 12 0 88
67072 13 0 87
67584 13 0 87
68096 13 0 87
68608 12 0 88
69120 13 0 87
69632 9 0 91
70144 9 0 91
70656 7 0 93
71168 7 0 93
71680 5 0 95
72192 5 0 95
72704 4 0 96
73216 4 0 96
73728 3 0 97
74240 3 0 97
74752 3 0 97
75264 3 0 97
75776 3 0 97
76288 3 0 97
76800 2 0 98
77312 2 0 98
77824 2 0 98
78336 2 0 98
78848 2 0 98
79360 2 0 98
79872 1 0 99
80384 1 0 99
80896 1 0 99
81408 1 0 99
81920 0 0 100
82432 0 0 100
82944 0 0 100
83456 0 0 100
83968 0 0 100
84480 0 0 100
84992 0 0 100
85504 2 0 98
86016 2 0 98
86528 3 0 97
87040 3 0 97
87552 6 0 94
88064 6 0 94
88576 6 0 94
89088 6 0 94
89600 6 0 94
90112 6 0 94
90624 7 0 93
91136 4 0 96
91648 4 0 96
92160 4 0 96
92672 4 0 96
93184 3 0 97
93696 3 0 97
94208 2 0 98
94720 2 0 98
95232 2 0 98
95744 2 0 98
96256 2 0 98
96768 2 0 98
97280 2 0 98
97792 2 0 98
98304 2 0 98
98816 2 0 98
99328 2 0 98
99840 3 0 97
100352 3 0 97
100864 3 0 97
101376 2 0 98
101888 2 0 98
102400 2 0 98
102912 4 0 96
103424 4 0 96
103936 5 0 95
104448 5 0 95
104960 7 0 93
105472 7 0 93
105984 7 0 93
106496 6 0 94
107008 8 0 92
107520 7 0 93
108032 7 0 93
108544 5 0 95
109056 8 0 92
109568 8 0 92
110080 8 0 92
110592 6 0 94
111104 6 0 94
111616 6 0 94
112128 7 0 93
112640 7 0 93
113152 7 0 93
113664 7 0 93
114176 7 0 93
114688 6 0 94
115200 6 0 94
115712 5 0 95
116224 7 0 93
116736 6 0 94
117248 6 0 94
117760 6 0 94
118272 7 0 93
118784 7 0 93
119296 8 0 92
119808 8 0 92
120320 10 0 90
120832 10 0 90
121344 10 0 90
121856 10 0 90
122368 13 0 87
122880 12 0 88
123392 12 0 88
123904 10 0 90
124416 10 0 90
124928 8 0 92
125440 8 0 92
125952 7 0 93
126464 7 0 93
126976 6 0 94
127488 6 0 94
128000 3 0 97
128512 3 0 97
129024 3 0 97
129536 4 0 96
130048 4 0 96
130560 5 0 95
131072 5 0 95
131584 6 0 94
132096 4 0 96
132608 4 0 96
133120 4 0 96
133632 4 0 96
134144 3 0 97
134656 3 0 97
135168 3 0 97
135680 3 0 97
136192 3 0 97
136704 3 0 97
137216 3 0 97
137728 3 0 97
138240 3 0 97
138752 3 0 97
139264 2 0 98
139776 2 0 98
140288 2 0 98
140800 2 0 98
141312 2 0 98
141824 2 0 98
142336 2 0 98
142848 3 0 97
143360 3 0 97
143872 3 0 97
144384 3 0 97
144896 3 0 97
145408 2 0 98
145920 2 0 98
146432 1 0 99
146944 1 0 99
147456 1 0 99
147968 1 0 99
148480 1 0 99
148992 1 0 99
149504 1 0 99
150016 1 0 99
150528 0 0 100
151040 1 0 99
151552 1 0 99
152064 4 0 96
152576 4 0 96
153088 5 0 95
153600 5 0 95
154112 8 0 92
154624 8 0 92
155136 8 0 92
155648 8 0 92
156160 8 0 92
156672 8 0 92
157184 8 0 92
157696 5 0 95
158208 5 0 95
158720 5 0 95
159232 5 0 95
159744 2 0 98
160256 2 0 98
160768 2 0 98
161280 2 0 98
161792 2 0 98
162304 2 0 98
162816 2 0 98
163328 2 0 98
163840 2 0 98
164352 2 0 98
164864 2 0 98
165376 2 0 98
165888 2 0 98
166400 2 0 98
166912 1 0 99
167424 1 0 99
167936 1 0 99
168448 1 0 99
168960 0 0 100
169472 0 0 100
169984 0 0 100
170496 0 0 100
171008 0 0 100
171520 0 0 100
172032 0 0 100
172544 0 0 100
173056 0 0 100
173568 0 0 100
174080 0 0 100
174592 0 0 100
175104 0 0 100
175616 0 0 100
176128 0 0 100
