
**********************************************************
Atom Playback Data:   0
Log started: 10 Aug 2016 11:20:49am

LOG START
512 0 0 5000
1024 15 0 4985
1536 15 0 4985
2048 47 0 4953
2560 47 0 4953
3072 74 0 4926
3584 74 0 4926
4096 200 0 4800
4608 200 0 4800
5120 200 0 4800
5632 200 0 4800
6144 200 0 4800
6656 200 0 4800
7168 200 0 4800
7680 121 0 4879
8192 141 0 4859
8704 131 0 4869
9216 143 0 4857
9728 115 0 4885
10240 136 0 4864
10752 117 0 4883
11264 145 0 4855
11776 129 0 4871
12288 153 0 4847
12800 148 0 4852
13312 200 0 4800
13824 200 0 4800
14336 200 0 4800
14848 200 0 4800
15360 200 0 4800
15872 200 0 4800
16384 200 0 4800
16896 170 0 4830
17408 185 0 4815
17920 173 0 4827
18432 189 0 4811
18944 160 0 4840
19456 191 0 4809
19968 177 0 4823
20480 200 0 4800
20992 193 0 4807
21504 200 0 4800
22016 200 0 4800
22528 200 0 4800
23040 200 0 4800
23552 200 0 4800
24064 200 0 4800
24576 200 0 4800
25088 200 0 4800
25600 200 0 4800
26112 200 0 4800
26624 200 0 4800
27136 200 0 4800
27648 200 0 4800
28160 200 0 4800
28672 200 0 4800
29184 200 0 4800
29696 200 0 4800
30208 200 0 4800
30720 200 0 4800
31232 200 0 4800
31744 200 0 4800
32256 200 0 4800
32768 200 0 4800
33280 200 0 4800
33792 200 0 4800
34304 200 0 4800
34816 200 0 4800
35328 200 0 4800
35840 200 0 4800
36352 200 0 4800
36864 200 0 4800
37376 200 0 4800
37888 200 0 4800
38400 200 0 4800
38912 200 0 4800
39424 200 0 4800
39936 200 0 4800
40448 200 0 4800
40960 200 0 4800
41472 200 0 4800
41984 200 0 4800
42496 200 0 4800
43008 200 0 4800
43520 200 0 4800
44032 200 0 4800
44544 200 0 4800
45056 200 0 4800
45568 200 0 4800
46080 200 0 4800
46592 200 0 4800
47104 200 0 4800
47616 200 0 4800
48128 200 0 4800
48640 200 0 4800
49152 200 0 4800
49664 200 0 4800
50176 200 0 4800
50688 200 0 4800
51200 200 0 4800
51712 200 0 4800
52224 200 0 4800
52736 200 0 4800
53248 200 0 4800
53760 200 0 4800
54272 200 0 4800
54784 200 0 4800
55296 200 0 4800
55808 200 0 4800
56320 200 0 4800
56832 200 0 4800
57344 200 0 4800
57856 200 0 4800
58368 200 0 4800
58880 200 0 4800
59392 200 0 4800
59904 200 0 4800
60416 200 0 4800
60928 200 0 4800
61440 200 0 4800
61952 200 0 4800
62464 200 0 4800
62976 200 0 4800
63488 200 0 4800
64000 200 0 4800
64512 200 0 4800
65024 200 0 4800
65536 200 0 4800
66048 200 0 4800
66560 200 0 4800
67072 200 0 4800
67584 200 0 4800
68096 200 0 4800
68608 200 0 4800
69120 200 0 4800
69632 200 0 4800
70144 200 0 4800
70656 200 0 4800
71168 200 0 4800
71680 200 0 4800
72192 200 0 4800
72704 200 0 4800
73216 200 0 4800
73728 200 0 4800
74240 200 0 4800
74752 200 0 4800
75264 200 0 4800
75776 200 0 4800
76288 200 0 4800
76800 200 0 4800
77312 200 0 4800
77824 200 0 4800
78336 187 0 4813
78848 194 0 4806
79360 167 0 4833
79872 176 0 4824
80384 146 0 4854
80896 153 0 4847
81408 123 0 4877
81920 131 0 4869
82432 115 0 4885
82944 123 0 4877
83456 112 0 4888
83968 117 0 4883
84480 103 0 4897
84992 106 0 4894
85504 99 0 4901
86016 105 0 4895
86528 90 0 4910
87040 98 0 4902
87552 92 0 4908
88064 97 0 4903
88576 89 0 4911
89088 91 0 4909
89600 80 0 4920
90112 83 0 4917
90624 70 0 4930
91136 83 0 4917
91648 79 0 4921
92160 81 0 4919
92672 74 0 4926
93184 75 0 4925
93696 66 0 4934
94208 67 0 4933
94720 59 0 4941
95232 63 0 4937
95744 56 0 4944
96256 62 0 4938
96768 58 0 4942
97280 58 0 4942
97792 52 0 4948
98304 61 0 4939
98816 52 0 4948
99328 66 0 4934
99840 62 0 4938
100352 63 0 4937
100864 60 0 4940
101376 61 0 4939
101888 55 0 4945
102400 62 0 4938
102912 55 0 4945
103424 74 0 4926
103936 63 0 4937
104448 65 0 4935
104960 61 0 4939
105472 200 0 4800
105984 200 0 4800
106496 200 0 4800
107008 0 0 5000
512 0 0 5000
1024 10 0 4990
1536 10 0 4990
2048 10 0 4990
2560 10 0 4990
3072 10 0 4990
3584 10 0 4990
4096 10 0 4990
4608 10 0 4990
5120 10 0 4990
5632 10 0 4990
6144 10 0 4990
6656 10 0 4990
7168 10 0 4990
7680 10 0 4990
8192 10 0 4990
8704 10 0 4990
9216 10 0 4990
9728 10 0 4990
10240 10 0 4990
10752 10 0 4990
11264 10 0 4990
11776 10 0 4990
12288 10 0 4990
12800 10 0 4990
13312 10 0 4990
13824 10 0 4990
14336 10 0 4990
14848 10 0 4990
15360 10 0 4990
15872 10 0 4990
16384 10 0 4990
16896 10 0 4990
17408 10 0 4990
17920 10 0 4990
18432 10 0 4990
18944 10 0 4990
19456 10 0 4990
19968 10 0 4990
20480 10 0 4990
20992 10 0 4990
21504 10 0 4990
22016 10 0 4990
22528 10 0 4990
23040 10 0 4990
23552 10 0 4990
24064 10 0 4990
24576 10 0 4990
25088 10 0 4990
25600 10 0 4990
26112 10 0 4990
26624 10 0 4990
27136 10 0 4990
27648 10 0 4990
28160 10 0 4990
28672 10 0 4990
29184 10 0 4990
29696 10 0 4990
30208 10 0 4990
30720 10 0 4990
31232 10 0 4990
31744 10 0 4990
32256 10 0 4990
32768 10 0 4990
33280 10 0 4990
33792 10 0 4990
34304 10 0 4990
34816 10 0 4990
35328 10 0 4990
35840 10 0 4990
36352 10 0 4990
36864 10 0 4990
37376 10 0 4990
37888 10 0 4990
38400 10 0 4990
38912 10 0 4990
39424 10 0 4990
39936 10 0 4990
40448 10 0 4990
40960 10 0 4990
41472 10 0 4990
41984 10 0 4990
42496 10 0 4990
43008 10 0 4990
43520 10 0 4990
44032 10 0 4990
44544 10 0 4990
45056 10 0 4990
45568 10 0 4990
46080 10 0 4990
46592 10 0 4990
47104 10 0 4990
47616 10 0 4990
48128 10 0 4990
48640 10 0 4990
49152 10 0 4990
49664 10 0 4990
50176 10 0 4990
50688 10 0 4990
51200 10 0 4990
51712 10 0 4990
52224 10 0 4990
52736 10 0 4990
53248 10 0 4990
53760 10 0 4990
54272 10 0 4990
54784 10 0 4990
55296 10 0 4990
55808 10 0 4990
56320 10 0 4990
56832 10 0 4990
57344 10 0 4990
57856 10 0 4990
58368 10 0 4990
58880 10 0 4990
59392 10 0 4990
59904 10 0 4990
60416 10 0 4990
60928 10 0 4990
61440 10 0 4990
61952 10 0 4990
62464 10 0 4990
62976 10 0 4990
63488 10 0 4990
64000 10 0 4990
64512 10 0 4990
65024 10 0 4990
65536 10 0 4990
66048 10 0 4990
66560 10 0 4990
67072 10 0 4990
67584 10 0 4990
68096 10 0 4990
68608 10 0 4990
69120 10 0 4990
69632 10 0 4990
70144 10 0 4990
70656 10 0 4990
71168 10 0 4990
71680 10 0 4990
72192 10 0 4990
72704 10 0 4990
73216 10 0 4990
73728 10 0 4990
74240 10 0 4990
74752 10 0 4990
75264 10 0 4990
75776 10 0 4990
76288 10 0 4990
76800 10 0 4990
77312 10 0 4990
77824 10 0 4990
78336 10 0 4990
78848 10 0 4990
79360 10 0 4990
79872 10 0 4990
80384 10 0 4990
80896 10 0 4990
81408 10 0 4990
81920 10 0 4990
82432 10 0 4990
82944 10 0 4990
83456 10 0 4990
83968 10 0 4990
84480 10 0 4990
84992 10 0 4990
85504 10 0 4990
86016 10 0 4990
86528 10 0 4990
87040 10 0 4990
87552 10 0 4990
88064 10 0 4990
88576 10 0 4990
89088 10 0 4990
89600 10 0 4990
90112 10 0 4990
90624 10 0 4990
91136 10 0 4990
91648 10 0 4990
92160 10 0 4990
92672 10 0 4990
93184 10 0 4990
93696 10 0 4990
94208 10 0 4990
94720 10 0 4990
95232 10 0 4990
95744 10 0 4990
96256 10 0 4990
96768 10 0 4990
97280 10 0 4990
97792 10 0 4990
98304 10 0 4990
98816 10 0 4990
99328 10 0 4990
99840 10 0 4990
100352 10 0 4990
100864 10 0 4990
101376 10 0 4990
101888 10 0 4990
102400 10 0 4990
102912 10 0 4990
103424 10 0 4990
103936 10 0 4990
104448 10 0 4990
104960 10 0 4990
105472 10 0 4990
105984 10 0 4990
106496 10 0 4990
107008 0 0 5000
