
**********************************************************
Atom Playback Data: /Users/alibarker89/Dropbox/QMUL/Final Project/Code/mpdgui/Data/glock2.wav /Users/alibarker89/Dropbox/QMUL/Final Project/Code/mpdgui/Data/dictGabor_original.xml 1000
Log started: 9 Aug 2016 1:16:26pm

LOG START
0 0 0 1000
512 3 0 997
1024 3 0 997
1536 7 0 993
2048 7 0 993
2560 13 0 987
3072 13 0 987
3584 21 0 979
4096 21 0 979
4608 33 0 967
5120 33 0 967
5632 35 0 965
6144 25 0 975
6656 28 0 972
7168 24 0 976
7680 28 0 972
8192 27 0 973
8704 32 0 968
9216 30 0 970
9728 32 0 968
10240 27 0 973
10752 31 0 969
11264 29 0 971
11776 36 0 964
12288 35 0 965
12800 54 0 946
13312 53 0 947
13824 57 0 943
14336 57 0 943
14848 61 0 939
15360 57 0 943
15872 60 0 940
16384 35 0 965
16896 39 0 961
17408 37 0 963
17920 42 0 958
18432 39 0 961
18944 44 0 956
19456 39 0 961
19968 46 0 954
20480 44 0 956
20992 50 0 950
21504 48 0 952
22016 97 0 903
22528 94 0 906
23040 97 0 903
23552 49 0 951
24064 56 0 944
24576 48 0 952
25088 55 0 945
25600 49 0 951
26112 52 0 948
26624 47 0 953
27136 52 0 948
27648 46 0 954
28160 57 0 943
28672 56 0 944
29184 133 0 867
29696 129 0 871
30208 139 0 861
30720 133 0 867
31232 137 0 863
31744 125 0 875
32256 128 0 872
32768 56 0 944
33280 64 0 936
33792 60 0 940
34304 65 0 935
34816 59 0 941
35328 60 0 940
35840 51 0 949
36352 60 0 940
36864 56 0 944
37376 62 0 938
37888 61 0 939
38400 68 0 932
38912 65 0 935
39424 84 0 916
39936 78 0 922
40448 86 0 914
40960 64 0 936
41472 68 0 932
41984 59 0 941
42496 61 0 939
43008 58 0 942
43520 71 0 929
44032 65 0 935
44544 67 0 933
45056 58 0 942
45568 66 0 934
46080 62 0 938
46592 77 0 923
47104 73 0 927
47616 87 0 913
48128 85 0 915
48640 151 0 849
49152 141 0 859
49664 152 0 848
50176 91 0 909
50688 111 0 889
51200 101 0 899
51712 121 0 879
52224 107 0 893
52736 192 0 808
53248 187 0 813
53760 200 0 800
54272 188 0 812
54784 204 0 796
55296 190 0 810
55808 201 0 799
56320 110 0 890
56832 118 0 882
57344 111 0 889
57856 144 0 856
58368 127 0 873
58880 196 0 804
59392 178 0 822
59904 188 0 812
60416 114 0 886
60928 118 0 882
61440 84 0 916
61952 89 0 911
62464 82 0 918
62976 87 0 913
63488 75 0 925
64000 77 0 923
64512 68 0 932
65024 75 0 925
65536 66 0 934
66048 72 0 928
66560 68 0 932
67072 79 0 921
67584 71 0 929
68096 86 0 914
68608 81 0 919
69120 120 0 880
69632 114 0 886
70144 124 0 876
70656 116 0 884
71168 118 0 882
71680 109 0 891
72192 114 0 886
72704 80 0 920
73216 87 0 913
73728 77 0 923
74240 86 0 914
74752 78 0 922
75264 81 0 919
75776 63 0 937
76288 66 0 934
76800 59 0 941
77312 65 0 935
77824 61 0 939
78336 63 0 937
78848 58 0 942
79360 60 0 940
79872 58 0 942
80384 60 0 940
80896 51 0 949
81408 51 0 949
81920 46 0 954
82432 51 0 949
82944 42 0 958
83456 42 0 958
83968 37 0 963
84480 38 0 962
84992 34 0 966
85504 38 0 962
86016 36 0 964
86528 41 0 959
87040 40 0 960
87552 42 0 958
88064 38 0 962
88576 38 0 962
89088 35 0 965
89600 37 0 963
90112 29 0 971
90624 36 0 964
91136 36 0 964
91648 36 0 964
92160 35 0 965
92672 35 0 965
93184 29 0 971
93696 29 0 971
94208 24 0 976
94720 27 0 973
95232 26 0 974
95744 28 0 972
96256 26 0 974
96768 26 0 974
97280 26 0 974
97792 30 0 970
98304 25 0 975
98816 30 0 970
99328 30 0 970
99840 30 0 970
100352 29 0 971
100864 29 0 971
101376 26 0 974
101888 27 0 973
102400 22 0 978
102912 31 0 969
103424 27 0 973
103936 29 0 971
104448 28 0 972
104960 52 0 948
105472 43 0 957
105984 43 0 957
106496 0 0 1000
