
**********************************************************
Atom Playback Data:   0
Log started: 10 Aug 2016 6:31:59pm

LOG START
512 0 0 3000
1024 9 0 2991
1536 9 0 2991
2048 22 0 2978
2560 22 0 2978
3072 34 0 2966
3584 34 0 2966
4096 150 0 2850
4608 150 0 2850
5120 175 0 2825
5632 172 0 2828
6144 180 0 2820
6656 158 0 2842
7168 163 0 2837
7680 58 0 2942
8192 69 0 2931
8704 67 0 2933
9216 77 0 2923
9728 66 0 2934
10240 75 0 2925
10752 67 0 2933
11264 87 0 2913
11776 78 0 2922
12288 96 0 2904
12800 92 0 2908
13312 188 0 2812
13824 184 0 2816
14336 193 0 2807
14848 191 0 2809
15360 200 0 2800
15872 199 0 2801
16384 200 0 2800
16896 98 0 2902
17408 106 0 2894
17920 103 0 2897
18432 112 0 2888
18944 95 0 2905
19456 110 0 2890
19968 100 0 2900
20480 113 0 2887
20992 103 0 2897
21504 144 0 2856
22016 139 0 2861
22528 200 0 2800
23040 200 0 2800
23552 200 0 2800
24064 144 0 2856
24576 164 0 2836
25088 129 0 2871
25600 147 0 2853
26112 130 0 2870
26624 138 0 2862
27136 125 0 2875
27648 164 0 2836
28160 146 0 2854
28672 177 0 2823
29184 165 0 2835
29696 200 0 2800
30208 200 0 2800
30720 200 0 2800
31232 200 0 2800
31744 200 0 2800
32256 200 0 2800
32768 200 0 2800
33280 167 0 2833
33792 180 0 2820
34304 167 0 2833
34816 181 0 2819
35328 141 0 2859
35840 152 0 2848
36352 131 0 2869
36864 150 0 2850
37376 135 0 2865
37888 152 0 2848
38400 146 0 2854
38912 172 0 2828
39424 164 0 2836
39936 200 0 2800
40448 200 0 2800
40960 200 0 2800
41472 150 0 2850
41984 165 0 2835
42496 136 0 2864
43008 146 0 2854
43520 132 0 2868
44032 158 0 2842
44544 140 0 2860
45056 151 0 2849
45568 133 0 2867
46080 163 0 2837
46592 155 0 2845
47104 200 0 2800
47616 198 0 2802
48128 200 0 2800
48640 200 0 2800
49152 200 0 2800
49664 200 0 2800
50176 200 0 2800
50688 200 0 2800
51200 200 0 2800
51712 200 0 2800
52224 200 0 2800
52736 200 0 2800
53248 200 0 2800
53760 200 0 2800
54272 200 0 2800
54784 200 0 2800
55296 200 0 2800
55808 200 0 2800
56320 200 0 2800
56832 200 0 2800
57344 200 0 2800
57856 200 0 2800
58368 200 0 2800
58880 200 0 2800
59392 200 0 2800
59904 200 0 2800
60416 200 0 2800
60928 200 0 2800
61440 200 0 2800
61952 200 0 2800
62464 200 0 2800
62976 200 0 2800
63488 200 0 2800
64000 182 0 2818
64512 196 0 2804
65024 156 0 2844
65536 167 0 2833
66048 148 0 2852
66560 160 0 2840
67072 140 0 2860
67584 171 0 2829
68096 148 0 2852
68608 177 0 2823
69120 166 0 2834
69632 200 0 2800
70144 200 0 2800
70656 200 0 2800
71168 200 0 2800
71680 200 0 2800
72192 200 0 2800
72704 200 0 2800
73216 171 0 2829
73728 187 0 2813
74240 164 0 2836
74752 179 0 2821
75264 151 0 2849
75776 158 0 2842
76288 125 0 2875
76800 133 0 2867
77312 121 0 2879
77824 128 0 2872
78336 113 0 2887
78848 117 0 2883
79360 105 0 2895
79872 112 0 2888
80384 100 0 2900
80896 104 0 2896
81408 89 0 2911
81920 93 0 2907
82432 85 0 2915
82944 92 0 2908
83456 81 0 2919
83968 84 0 2916
84480 75 0 2925
84992 77 0 2923
85504 72 0 2928
86016 76 0 2924
86528 69 0 2931
87040 77 0 2923
87552 73 0 2927
88064 77 0 2923
88576 70 0 2930
89088 71 0 2929
89600 63 0 2937
90112 65 0 2935
90624 53 0 2947
91136 64 0 2936
91648 61 0 2939
92160 63 0 2937
92672 58 0 2942
93184 59 0 2941
93696 52 0 2948
94208 53 0 2947
94720 46 0 2954
95232 49 0 2951
95744 45 0 2955
96256 48 0 2952
96768 45 0 2955
97280 45 0 2955
97792 42 0 2958
98304 48 0 2952
98816 39 0 2961
99328 50 0 2950
99840 47 0 2953
100352 47 0 2953
100864 45 0 2955
101376 46 0 2954
101888 42 0 2958
102400 48 0 2952
102912 42 0 2958
103424 55 0 2945
103936 48 0 2952
104448 50 0 2950
104960 47 0 2953
105472 197 0 2803
105984 181 0 2819
106496 181 0 2819
0 0 0 3000
512 0 0 3000
1024 9 0 2991
1536 9 0 2991
2048 22 0 2978
2560 22 0 2978
3072 34 0 2966
3584 34 0 2966
4096 150 0 2850
4608 150 0 2850
5120 175 0 2825
5632 172 0 2828
6144 180 0 2820
6656 158 0 2842
7168 163 0 2837
7680 58 0 2942
8192 69 0 2931
8704 67 0 2933
9216 77 0 2923
9728 66 0 2934
10240 75 0 2925
10752 67 0 2933
11264 87 0 2913
11776 78 0 2922
12288 96 0 2904
12800 92 0 2908
13312 188 0 2812
13824 184 0 2816
14336 193 0 2807
14848 191 0 2809
15360 200 0 2800
15872 199 0 2801
16384 200 0 2800
16896 98 0 2902
17408 106 0 2894
17920 103 0 2897
18432 112 0 2888
18944 95 0 2905
19456 110 0 2890
19968 100 0 2900
20480 113 0 2887
20992 103 0 2897
21504 144 0 2856
22016 139 0 2861
22528 200 0 2800
23040 200 0 2800
23552 200 0 2800
24064 144 0 2856
24576 164 0 2836
25088 129 0 2871
25600 147 0 2853
26112 130 0 2870
26624 138 0 2862
27136 125 0 2875
27648 164 0 2836
28160 146 0 2854
28672 177 0 2823
29184 165 0 2835
29696 200 0 2800
30208 200 0 2800
30720 200 0 2800
31232 200 0 2800
31744 200 0 2800
32256 200 0 2800
32768 200 0 2800
33280 167 0 2833
33792 180 0 2820
34304 167 0 2833
34816 181 0 2819
35328 141 0 2859
35840 152 0 2848
36352 131 0 2869
36864 150 0 2850
37376 135 0 2865
37888 152 0 2848
38400 146 0 2854
38912 172 0 2828
39424 164 0 2836
39936 200 0 2800
40448 200 0 2800
40960 200 0 2800
41472 150 0 2850
41984 165 0 2835
42496 136 0 2864
43008 146 0 2854
43520 132 0 2868
44032 158 0 2842
44544 140 0 2860
45056 151 0 2849
45568 133 0 2867
46080 163 0 2837
46592 155 0 2845
47104 200 0 2800
47616 198 0 2802
48128 200 0 2800
48640 200 0 2800
49152 200 0 2800
49664 200 0 2800
50176 200 0 2800
50688 200 0 2800
51200 200 0 2800
51712 200 0 2800
52224 200 0 2800
52736 200 0 2800
53248 200 0 2800
53760 200 0 2800
54272 200 0 2800
54784 200 0 2800
55296 200 0 2800
55808 200 0 2800
56320 200 0 2800
56832 200 0 2800
57344 200 0 2800
57856 200 0 2800
58368 200 0 2800
58880 200 0 2800
59392 200 0 2800
59904 200 0 2800
60416 200 0 2800
60928 200 0 2800
61440 200 0 2800
61952 200 0 2800
62464 200 0 2800
62976 200 0 2800
63488 200 0 2800
64000 182 0 2818
64512 196 0 2804
65024 156 0 2844
65536 167 0 2833
66048 148 0 2852
66560 160 0 2840
67072 140 0 2860
67584 171 0 2829
68096 148 0 2852
68608 177 0 2823
69120 166 0 2834
69632 200 0 2800
70144 200 0 2800
70656 200 0 2800
71168 200 0 2800
71680 200 0 2800
72192 200 0 2800
72704 200 0 2800
73216 171 0 2829
73728 187 0 2813
74240 164 0 2836
74752 179 0 2821
75264 151 0 2849
75776 158 0 2842
76288 125 0 2875
76800 133 0 2867
77312 121 0 2879
77824 128 0 2872
78336 113 0 2887
78848 117 0 2883
79360 105 0 2895
79872 112 0 2888
80384 100 0 2900
80896 104 0 2896
81408 89 0 2911
81920 93 0 2907
82432 85 0 2915
82944 92 0 2908
83456 81 0 2919
83968 84 0 2916
84480 75 0 2925
84992 77 0 2923
85504 72 0 2928
86016 76 0 2924
86528 69 0 2931
87040 77 0 2923
87552 73 0 2927
88064 77 0 2923
88576 70 0 2930
89088 71 0 2929
89600 63 0 2937
90112 65 0 2935
90624 53 0 2947
91136 64 0 2936
91648 61 0 2939
92160 63 0 2937
92672 58 0 2942
93184 59 0 2941
93696 52 0 2948
94208 53 0 2947
94720 46 0 2954
95232 49 0 2951
95744 45 0 2955
96256 48 0 2952
96768 45 0 2955
97280 45 0 2955
97792 42 0 2958
98304 48 0 2952
98816 39 0 2961
99328 50 0 2950
99840 47 0 2953
100352 47 0 2953
100864 45 0 2955
101376 46 0 2954
101888 42 0 2958
102400 48 0 2952
102912 42 0 2958
103424 55 0 2945
103936 48 0 2952
104448 50 0 2950
104960 47 0 2953
105472 197 0 2803
105984 181 0 2819
106496 181 0 2819
0 0 0 3000
512 0 0 3000
1024 9 0 2991
1536 9 0 2991
2048 22 0 2978
2560 22 0 2978
3072 34 0 2966
3584 34 0 2966
4096 150 0 2850
4608 150 0 2850
5120 175 0 2825
5632 172 0 2828
6144 180 0 2820
6656 158 0 2842
7168 163 0 2837
7680 58 0 2942
8192 69 0 2931
8704 67 0 2933
9216 77 0 2923
9728 66 0 2934
10240 75 0 2925
10752 67 0 2933
11264 87 0 2913
11776 78 0 2922
12288 96 0 2904
12800 92 0 2908
13312 188 0 2812
13824 184 0 2816
14336 193 0 2807
14848 191 0 2809
15360 200 0 2800
15872 199 0 2801
16384 200 0 2800
16896 98 0 2902
17408 106 0 2894
17920 103 0 2897
18432 112 0 2888
18944 95 0 2905
19456 110 0 2890
19968 100 0 2900
20480 113 0 2887
20992 103 0 2897
21504 144 0 2856
22016 139 0 2861
22528 200 0 2800
23040 200 0 2800
23552 200 0 2800
24064 144 0 2856
24576 164 0 2836
25088 129 0 2871
25600 147 0 2853
26112 130 0 2870
26624 138 0 2862
27136 125 0 2875
27648 164 0 2836
28160 146 0 2854
28672 177 0 2823
29184 165 0 2835
29696 200 0 2800
30208 200 0 2800
30720 200 0 2800
31232 200 0 2800
31744 200 0 2800
32256 200 0 2800
32768 200 0 2800
33280 167 0 2833
33792 180 0 2820
34304 167 0 2833
34816 181 0 2819
35328 141 0 2859
35840 152 0 2848
36352 131 0 2869
36864 150 0 2850
37376 135 0 2865
37888 152 0 2848
38400 146 0 2854
38912 172 0 2828
39424 164 0 2836
39936 200 0 2800
40448 200 0 2800
40960 200 0 2800
41472 150 0 2850
41984 165 0 2835
42496 136 0 2864
43008 146 0 2854
43520 132 0 2868
44032 158 0 2842
44544 140 0 2860
45056 151 0 2849
45568 133 0 2867
46080 163 0 2837
46592 155 0 2845
47104 200 0 2800
47616 198 0 2802
48128 200 0 2800
48640 200 0 2800
49152 200 0 2800
49664 200 0 2800
50176 200 0 2800
50688 200 0 2800
51200 200 0 2800
51712 200 0 2800
52224 200 0 2800
52736 200 0 2800
53248 200 0 2800
53760 200 0 2800
54272 200 0 2800
54784 200 0 2800
55296 200 0 2800
55808 200 0 2800
56320 200 0 2800
56832 200 0 2800
57344 200 0 2800
57856 200 0 2800
58368 200 0 2800
58880 200 0 2800
59392 200 0 2800
59904 200 0 2800
60416 200 0 2800
60928 200 0 2800
61440 200 0 2800
61952 200 0 2800
62464 200 0 2800
62976 200 0 2800
63488 200 0 2800
64000 182 0 2818
64512 196 0 2804
65024 156 0 2844
65536 167 0 2833
66048 148 0 2852
66560 160 0 2840
67072 140 0 2860
67584 171 0 2829
68096 148 0 2852
68608 177 0 2823
69120 166 0 2834
69632 200 0 2800
70144 200 0 2800
70656 200 0 2800
71168 200 0 2800
71680 200 0 2800
72192 200 0 2800
72704 200 0 2800
73216 171 0 2829
73728 187 0 2813
74240 164 0 2836
74752 179 0 2821
75264 151 0 2849
75776 158 0 2842
76288 125 0 2875
76800 133 0 2867
77312 121 0 2879
77824 128 0 2872
78336 113 0 2887
78848 117 0 2883
79360 105 0 2895
79872 112 0 2888
80384 100 0 2900
80896 104 0 2896
81408 89 0 2911
81920 93 0 2907
82432 85 0 2915
82944 92 0 2908
83456 81 0 2919
83968 84 0 2916
84480 75 0 2925
84992 77 0 2923
85504 72 0 2928
86016 76 0 2924
86528 69 0 2931
87040 77 0 2923
87552 73 0 2927
88064 77 0 2923
88576 70 0 2930
89088 71 0 2929
89600 63 0 2937
90112 65 0 2935
90624 53 0 2947
91136 64 0 2936
91648 61 0 2939
92160 63 0 2937
92672 58 0 2942
93184 59 0 2941
93696 52 0 2948
94208 53 0 2947
94720 46 0 2954
95232 49 0 2951
95744 45 0 2955
96256 48 0 2952
96768 45 0 2955
97280 45 0 2955
97792 42 0 2958
98304 48 0 2952
98816 39 0 2961
99328 50 0 2950
99840 47 0 2953
100352 47 0 2953
100864 45 0 2955
101376 46 0 2954
101888 42 0 2958
102400 48 0 2952
102912 42 0 2958
103424 55 0 2945
103936 48 0 2952
104448 50 0 2950
104960 47 0 2953
105472 197 0 2803
105984 181 0 2819
106496 181 0 2819
0 0 0 3000
512 0 0 3000
1024 9 0 2991
1536 9 0 2991
2048 22 0 2978
2560 22 0 2978
3072 34 0 2966
3584 34 0 2966
4096 150 0 2850
4608 150 0 2850
5120 175 0 2825
5632 172 0 2828
6144 180 0 2820
6656 158 0 2842
7168 163 0 2837
7680 58 0 2942
8192 69 0 2931
8704 67 0 2933
9216 77 0 2923
9728 66 0 2934
10240 75 0 2925
10752 67 0 2933
11264 87 0 2913
11776 78 0 2922
12288 96 0 2904
12800 92 0 2908
13312 188 0 2812
13824 184 0 2816
14336 193 0 2807
14848 191 0 2809
15360 200 0 2800
15872 199 0 2801
16384 200 0 2800
16896 98 0 2902
17408 106 0 2894
17920 103 0 2897
18432 112 0 2888
18944 95 0 2905
19456 110 0 2890
19968 100 0 2900
20480 113 0 2887
20992 103 0 2897
21504 144 0 2856
22016 139 0 2861
22528 200 0 2800
23040 200 0 2800
23552 200 0 2800
24064 144 0 2856
24576 164 0 2836
25088 129 0 2871
25600 147 0 2853
26112 130 0 2870
26624 138 0 2862
27136 125 0 2875
27648 164 0 2836
28160 146 0 2854
28672 177 0 2823
29184 165 0 2835
29696 200 0 2800
30208 200 0 2800
30720 200 0 2800
31232 200 0 2800
31744 200 0 2800
32256 200 0 2800
32768 200 0 2800
33280 167 0 2833
33792 180 0 2820
34304 167 0 2833
34816 181 0 2819
35328 141 0 2859
35840 152 0 2848
36352 131 0 2869
36864 150 0 2850
37376 135 0 2865
37888 152 0 2848
38400 146 0 2854
38912 172 0 2828
39424 164 0 2836
39936 200 0 2800
40448 200 0 2800
40960 200 0 2800
41472 150 0 2850
41984 165 0 2835
42496 136 0 2864
43008 146 0 2854
43520 132 0 2868
44032 158 0 2842
44544 140 0 2860
45056 151 0 2849
45568 133 0 2867
46080 163 0 2837
46592 155 0 2845
47104 200 0 2800
47616 198 0 2802
48128 200 0 2800
48640 200 0 2800
49152 200 0 2800
49664 200 0 2800
50176 200 0 2800
50688 200 0 2800
51200 200 0 2800
51712 200 0 2800
52224 200 0 2800
52736 200 0 2800
53248 200 0 2800
53760 200 0 2800
54272 200 0 2800
54784 200 0 2800
55296 200 0 2800
55808 200 0 2800
56320 200 0 2800
56832 200 0 2800
57344 200 0 2800
57856 200 0 2800
58368 200 0 2800
58880 200 0 2800
59392 200 0 2800
59904 200 0 2800
60416 200 0 2800
60928 200 0 2800
61440 200 0 2800
61952 200 0 2800
62464 200 0 2800
62976 200 0 2800
63488 200 0 2800
64000 182 0 2818
64512 196 0 2804
65024 156 0 2844
65536 167 0 2833
66048 148 0 2852
66560 160 0 2840
67072 140 0 2860
67584 171 0 2829
68096 148 0 2852
68608 177 0 2823
69120 166 0 2834
69632 200 0 2800
70144 200 0 2800
70656 200 0 2800
71168 200 0 2800
71680 200 0 2800
72192 200 0 2800
72704 200 0 2800
73216 171 0 2829
73728 187 0 2813
74240 164 0 2836
74752 179 0 2821
75264 151 0 2849
75776 158 0 2842
76288 125 0 2875
76800 133 0 2867
77312 121 0 2879
77824 128 0 2872
78336 113 0 2887
78848 117 0 2883
79360 105 0 2895
79872 112 0 2888
80384 100 0 2900
80896 104 0 2896
81408 89 0 2911
81920 93 0 2907
82432 85 0 2915
82944 92 0 2908
83456 81 0 2919
83968 84 0 2916
84480 75 0 2925
84992 77 0 2923
85504 72 0 2928
86016 76 0 2924
86528 69 0 2931
87040 77 0 2923
87552 73 0 2927
88064 77 0 2923
88576 70 0 2930
89088 71 0 2929
89600 63 0 2937
90112 65 0 2935
90624 53 0 2947
91136 64 0 2936
91648 61 0 2939
92160 63 0 2937
92672 58 0 2942
93184 59 0 2941
93696 52 0 2948
94208 53 0 2947
94720 46 0 2954
95232 49 0 2951
95744 45 0 2955
96256 48 0 2952
96768 45 0 2955
97280 45 0 2955
97792 42 0 2958
98304 48 0 2952
98816 39 0 2961
99328 50 0 2950
99840 47 0 2953
100352 47 0 2953
100864 45 0 2955
101376 46 0 2954
101888 42 0 2958
102400 48 0 2952
102912 42 0 2958
103424 55 0 2945
103936 48 0 2952
104448 50 0 2950
104960 47 0 2953
105472 197 0 2803
105984 181 0 2819
106496 181 0 2819
0 0 0 3000
512 0 0 3000
1024 9 0 2991
1536 9 0 2991
2048 22 0 2978
2560 22 0 2978
3072 34 0 2966
3584 34 0 2966
4096 150 0 2850
4608 150 0 2850
512 0 0 3000
1024 6 0 2994
1536 6 0 2994
2048 9 0 2991
2560 9 0 2991
3072 12 0 2988
3584 12 0 2988
4096 20 0 2980
4608 20 0 2980
5120 33 0 2967
5632 33 0 2967
6144 43 0 2957
6656 43 0 2957
7168 53 0 2947
7680 51 0 2949
8192 59 0 2941
8704 58 0 2942
9216 62 0 2938
9728 60 0 2940
10240 64 0 2936
10752 61 0 2939
11264 65 0 2935
11776 61 0 2939
12288 65 0 2935
12800 55 0 2945
13312 58 0 2942
13824 55 0 2945
14336 61 0 2939
14848 54 0 2946
15360 60 0 2940
15872 55 0 2945
16384 69 0 2931
16896 63 0 2937
17408 76 0 2924
17920 70 0 2930
18432 75 0 2925
18944 70 0 2930
19456 83 0 2917
19968 76 0 2924
20480 89 0 2911
20992 85 0 2915
21504 91 0 2909
22016 86 0 2914
22528 90 0 2910
23040 84 0 2916
23552 90 0 2910
24064 82 0 2918
24576 84 0 2916
25088 76 0 2924
25600 79 0 2921
26112 75 0 2925
26624 81 0 2919
27136 73 0 2927
27648 80 0 2920
28160 73 0 2927
28672 82 0 2918
29184 77 0 2923
29696 86 0 2914
30208 77 0 2923
30720 86 0 2914
31232 77 0 2923
31744 92 0 2908
32256 80 0 2920
32768 96 0 2904
33280 87 0 2913
33792 98 0 2902
34304 94 0 2906
34816 101 0 2899
35328 91 0 2909
35840 99 0 2901
36352 87 0 2913
36864 91 0 2909
37376 80 0 2920
37888 85 0 2915
38400 80 0 2920
38912 86 0 2914
39424 74 0 2926
39936 78 0 2922
40448 68 0 2932
40960 73 0 2927
41472 66 0 2934
41984 70 0 2930
42496 65 0 2935
43008 81 0 2919
43520 76 0 2924
44032 89 0 2911
44544 81 0 2919
45056 99 0 2901
45568 93 0 2907
46080 102 0 2898
46592 92 0 2908
47104 104 0 2896
47616 97 0 2903
48128 106 0 2894
48640 93 0 2907
49152 101 0 2899
49664 93 0 2907
50176 99 0 2901
50688 80 0 2920
51200 84 0 2916
51712 72 0 2928
52224 77 0 2923
52736 69 0 2931
53248 79 0 2921
53760 72 0 2928
54272 80 0 2920
54784 73 0 2927
55296 85 0 2915
55808 78 0 2922
56320 95 0 2905
56832 87 0 2913
57344 95 0 2905
57856 91 0 2909
58368 104 0 2896
58880 97 0 2903
59392 111 0 2889
59904 103 0 2897
60416 110 0 2890
60928 101 0 2899
61440 103 0 2897
61952 97 0 2903
62464 99 0 2901
62976 87 0 2913
63488 94 0 2906
64000 82 0 2918
64512 82 0 2918
65024 72 0 2928
65536 79 0 2921
66048 72 0 2928
66560 85 0 2915
67072 82 0 2918
67584 92 0 2908
68096 82 0 2918
68608 94 0 2906
69120 83 0 2917
69632 99 0 2901
70144 92 0 2908
70656 100 0 2900
71168 91 0 2909
71680 105 0 2895
72192 98 0 2902
72704 110 0 2890
73216 99 0 2901
73728 104 0 2896
74240 91 0 2909
74752 94 0 2906
75264 77 0 2923
75776 81 0 2919
76288 69 0 2931
76800 73 0 2927
77312 64 0 2936
77824 71 0 2929
78336 65 0 2935
78848 76 0 2924
79360 67 0 2933
79872 75 0 2925
80384 71 0 2929
80896 87 0 2913
81408 75 0 2925
81920 92 0 2908
82432 80 0 2920
82944 95 0 2905
83456 89 0 2911
83968 101 0 2899
84480 96 0 2904
84992 106 0 2894
85504 93 0 2907
86016 96 0 2904
86528 85 0 2915
87040 89 0 2911
87552 80 0 2920
88064 86 0 2914
88576 72 0 2928
89088 78 0 2922
89600 67 0 2933
90112 77 0 2923
90624 69 0 2931
91136 74 0 2926
91648 71 0 2929
92160 77 0 2923
92672 71 0 2929
93184 78 0 2922
93696 73 0 2927
94208 82 0 2918
94720 72 0 2928
95232 84 0 2916
95744 76 0 2924
96256 82 0 2918
96768 72 0 2928
97280 80 0 2920
97792 72 0 2928
98304 75 0 2925
98816 64 0 2936
99328 71 0 2929
99840 65 0 2935
100352 69 0 2931
100864 61 0 2939
101376 66 0 2934
101888 61 0 2939
102400 65 0 2935
102912 57 0 2943
103424 72 0 2928
103936 68 0 2932
104448 74 0 2926
104960 64 0 2936
105472 74 0 2926
105984 66 0 2934
106496 74 0 2926
107008 69 0 2931
107520 79 0 2921
108032 73 0 2927
108544 80 0 2920
109056 75 0 2925
109568 81 0 2919
110080 76 0 2924
110592 79 0 2921
111104 69 0 2931
111616 76 0 2924
112128 71 0 2929
112640 80 0 2920
113152 74 0 2926
113664 83 0 2917
114176 77 0 2923
114688 88 0 2912
115200 79 0 2921
115712 96 0 2904
116224 90 0 2910
116736 112 0 2888
117248 106 0 2894
117760 128 0 2872
118272 121 0 2879
118784 149 0 2851
119296 135 0 2865
119808 169 0 2831
120320 163 0 2837
120832 190 0 2810
121344 182 0 2818
121856 200 0 2800
122368 200 0 2800
122880 200 0 2800
123392 200 0 2800
123904 200 0 2800
124416 200 0 2800
124928 200 0 2800
125440 200 0 2800
125952 200 0 2800
126464 187 0 2813
126976 200 0 2800
127488 183 0 2817
128000 190 0 2810
128512 172 0 2828
129024 190 0 2810
129536 177 0 2823
130048 180 0 2820
130560 162 0 2838
131072 175 0 2825
131584 151 0 2849
132096 165 0 2835
132608 135 0 2865
